2025-06-21 19:20:55,505 - __main__ - INFO - Validating URL: https://www.youtube.com/watch?v=dQw4w9WgXcQ
2025-06-21 19:20:55,505 - __main__ - INFO - URL validated successfully. Video ID: dQw4w9WgXcQ
2025-06-21 19:20:55,506 - __main__ - INFO - Using default configuration
2025-06-21 19:20:55,507 - __main__ - INFO - Configuration: Quality=best, Format=mp4, Output=./downloads
2025-06-21 19:20:55,508 - __main__ - INFO - Fetching video information...
2025-06-21 19:25:31,377 - __main__ - INFO - Validating URL: \
2025-06-21 19:25:31,377 - __main__ - ERROR - Invalid YouTube URL provided
2025-06-21 19:26:19,755 - __main__ - INFO - Validating URL: https://www.youtube.com/shorts/FwYhFQHUn9g
2025-06-21 19:26:19,756 - __main__ - ERROR - Invalid YouTube URL provided
2025-06-21 19:29:04,154 - __main__ - INFO - Validating URL: https://www.youtube.com/shorts/FwYhFQHUn9g
2025-06-21 19:29:04,154 - __main__ - INFO - URL validated successfully. Video ID: FwYhFQHUn9g
2025-06-21 19:29:04,154 - __main__ - INFO - Using default configuration
2025-06-21 19:29:04,156 - __main__ - INFO - Configuration: Quality=best, Format=mp4, Output=./downloads
2025-06-21 19:29:04,156 - __main__ - INFO - Fetching video information...
2025-06-21 19:29:22,619 - __main__ - INFO - Validating URL: https://www.youtube.com/shorts/FwYhFQHUn9g
2025-06-21 19:29:22,619 - __main__ - INFO - URL validated successfully. Video ID: FwYhFQHUn9g
2025-06-21 19:29:22,620 - __main__ - INFO - Using default configuration
2025-06-21 19:29:22,621 - __main__ - INFO - Configuration: Quality=720p, Format=mp4, Output=./my_downloads
2025-06-21 19:29:22,622 - __main__ - INFO - Fetching video information...
2025-06-21 19:29:31,893 - __main__ - INFO - Starting video download...
2025-06-21 19:29:45,583 - __main__ - INFO - Download completed successfully: ./my_downloads\Shooting a Gong With a 50 Cal Sniper Rifle-FwYhFQHUn9g.mp4
2025-06-21 19:30:14,209 - __main__ - INFO - Validating URL: https://www.youtube.com/shorts/FwYhFQHUn9g
2025-06-21 19:30:14,209 - __main__ - INFO - URL validated successfully. Video ID: FwYhFQHUn9g
2025-06-21 19:30:14,209 - __main__ - INFO - Using default configuration
2025-06-21 19:30:14,211 - __main__ - INFO - Configuration: Quality=720p, Format=mp4, Output=./my_downloads
2025-06-21 19:30:14,211 - __main__ - INFO - Fetching video information...
2025-06-21 19:30:24,200 - __main__ - INFO - Starting video download...
2025-06-21 19:30:31,763 - __main__ - INFO - Download completed successfully: ./my_downloads\Shooting a Gong With a 50 Cal Sniper Rifle-FwYhFQHUn9g.mp4
2025-06-21 19:33:28,655 - __main__ - INFO - Validating URL: https://www.youtube.com/shorts/FwYhFQHUn9g
2025-06-21 19:33:28,655 - __main__ - INFO - URL validated successfully. Video ID: FwYhFQHUn9g
2025-06-21 19:33:28,655 - __main__ - INFO - Using default configuration
2025-06-21 19:33:28,657 - __main__ - INFO - Configuration: Quality=720p, Format=mp4, Output=./test_downloads
2025-06-21 19:33:28,657 - __main__ - INFO - Fetching video information...
2025-06-21 19:33:33,046 - __main__ - INFO - Starting video download...
2025-06-21 19:33:42,159 - __main__ - INFO - Download completed successfully: ./test_downloads\Shooting a Gong With a 50 Cal Sniper Rifle-FwYhFQHUn9g.mp4
2025-06-21 19:36:17,272 - __main__ - INFO - Validating URL: https://www.youtube.com/shorts/FwYhFQHUn9g
2025-06-21 19:36:17,273 - __main__ - INFO - URL validated successfully. Video ID: FwYhFQHUn9g
2025-06-21 19:36:17,273 - __main__ - INFO - Using default configuration
2025-06-21 19:36:17,275 - __main__ - INFO - Configuration: Quality=720p, Format=mp4, Output=./my_downloads
2025-06-21 19:36:17,275 - __main__ - INFO - Fetching video information...
2025-06-21 19:36:23,190 - __main__ - INFO - Starting video download...
2025-06-21 19:36:37,012 - __main__ - INFO - Download completed successfully: ./my_downloads\Shooting a Gong With a 50 Cal Sniper Rifle-FwYhFQHUn9g.mp4
